#
# An unexpected error has been detected by HotSpot Virtual Machine:
#
#  EXCEPTION_ACCESS_VIOLATION (0xc0000005) at pc=0x6d7002ef, pid=1448, tid=4708
#
# Java VM: Java HotSpot(TM) Client VM (1.5.0_11-b03 mixed mode)
# Problematic frame:
# V  [jvm.dll+0xc02ef]
#

---------------  T H R E A D  ---------------

Current thread (0x022d90d0):  VMThread [id=4708]

siginfo: ExceptionCode=0xc0000005, reading address 0x00000000

Registers:
EAX=0x00000000, EBX=0x00000000, ECX=0x022d89e8, EDX=0x022d9588
ESP=0x0c3cfdd8, EBP=0x0c3cfe34, ESI=0x0c8dfad8, EDI=0x022d90d0
EIP=0x6d7002ef, EFLAGS=0x00010202

Top of Stack: (sp=0x0c3cfdd8)
0x0c3cfdd8:   00000000 0c8dfad8 0c4d96e0 0c4d9998
0x0c3cfde8:   00000001 022d90d0 022d89e8 022d9578
0x0c3cfdf8:   022d9584 022d996c 0c3cfee0 022d9180
0x0c3cfe08:   022c4fc0 022d9178 022d9180 022d956c
0x0c3cfe18:   0c51c220 0c4d96e0 0c4d96f8 0c3cfe6c
0x0c3cfe28:   08303eb8 08303798 00000000 0c3cfe6c
0x0c3cfe38:   6d7003e0 6d714235 6d70048e 0221de10
0x0c3cfe48:   0c8dfa94 6d700419 0c8dfad8 6d76a230 

Instructions: (pc=0x6d7002ef)
0x6d7002df:   ff 85 c0 0f 84 d8 00 00 00 53 8b 40 04 89 45 fc
0x6d7002ef:   8b 18 4b 0f 88 b7 00 00 00 eb 03 8b 45 fc 8b 40 


Stack: [0x0c390000,0x0c3d0000),  sp=0x0c3cfdd8,  free space=255k
Native frames: (J=compiled Java code, j=interpreted, Vv=VM code, C=native code)
V  [jvm.dll+0xc02ef]
V  [jvm.dll+0xc03e0]
V  [jvm.dll+0x129cfe]
V  [jvm.dll+0x129ea7]
V  [jvm.dll+0x129c0c]
C  [msvcrt.dll+0x11287]
C  [msvcrt.dll+0x11328]
C  [kernel32.dll+0x1336a]
C  [ntdll.dll+0x39902]
C  [ntdll.dll+0x398d5]

VM_Operation (0x0c8dfa94): change breakpoints, mode: safepoint, requested by thread 0x022f3c78


---------------  P R O C E S S  ---------------

Java Threads: ( => current thread )
  0x0c54af38 JavaThread "AWT-Windows" daemon [_thread_in_native, id=4252]
  0x0c545a88 JavaThread "Java2D Disposer" daemon [_thread_blocked, id=3592]
  0x0c4dcb10 JavaThread "Low Memory Detector" daemon [_thread_blocked, id=4336]
  0x0c4db940 JavaThread "CompilerThread0" daemon [_thread_blocked, id=4540]
  0x0c4db2d0 JavaThread "Signal Dispatcher" daemon [_thread_blocked, id=4088]
  0x0c4da770 JavaThread "JDWP Command Reader" daemon [_thread_in_native, id=780]
  0x0c4d9dd8 JavaThread "JDWP Event Helper Thread" daemon [_thread_blocked, id=4724]
  0x022f3c78 JavaThread "JDWP Transport Listener: dt_socket" daemon [_thread_blocked, id=2756]
  0x022e09b8 JavaThread "Finalizer" daemon [_thread_blocked, id=1804]
  0x022df030 JavaThread "Reference Handler" daemon [_thread_blocked, id=1936]
  0x0221e9a0 JavaThread "main" [_thread_blocked, id=4496]

Other Threads:
=>0x022d90d0 VMThread [id=4708]
  0x02285388 WatcherThread [id=2936]

VM state:at safepoint (normal execution)

VM Mutex/Monitor currently owned by a thread:  ([mutex/lock_event])
[0x0221dde0/0x00000140] Threads_lock - owner thread: 0x022d90d0

Heap
 def new generation   total 576K, used 238K [0x04300000, 0x043a0000, 0x047e0000)
  eden space 512K,  34% used [0x04300000, 0x0432b920, 0x04380000)
  from space 64K, 100% used [0x04390000, 0x043a0000, 0x043a0000)
  to   space 64K,   0% used [0x04380000, 0x04380000, 0x04390000)
 tenured generation   total 1408K, used 215K [0x047e0000, 0x04940000, 0x08300000)
   the space 1408K,  15% used [0x047e0000, 0x04815ff0, 0x04816000, 0x04940000)
 compacting perm gen  total 8192K, used 4367K [0x08300000, 0x08b00000, 0x0c300000)
   the space 8192K,  53% used [0x08300000, 0x08743c58, 0x08743e00, 0x08b00000)
No shared spaces configured.

Dynamic libraries:
0x00400000 - 0x0040d000 	C:\Users\Administrator\MyEclipse 6.0\jre\bin\javaw.exe
0x77460000 - 0x775e0000 	C:\Windows\SysWOW64\ntdll.dll
0x768c0000 - 0x769d0000 	C:\Windows\syswow64\kernel32.dll
0x75720000 - 0x75767000 	C:\Windows\syswow64\KERNELBASE.dll
0x75670000 - 0x75711000 	C:\Windows\syswow64\ADVAPI32.dll
0x75910000 - 0x759bc000 	C:\Windows\syswow64\msvcrt.dll
0x76ad0000 - 0x76ae9000 	C:\Windows\SysWOW64\sechost.dll
0x754d0000 - 0x755c0000 	C:\Windows\syswow64\RPCRT4.dll
0x74b00000 - 0x74b60000 	C:\Windows\syswow64\SspiCli.dll
0x74af0000 - 0x74afc000 	C:\Windows\syswow64\CRYPTBASE.dll
0x769d0000 - 0x76ad0000 	C:\Windows\syswow64\USER32.dll
0x74b60000 - 0x74bf0000 	C:\Windows\syswow64\GDI32.dll
0x755c0000 - 0x755ca000 	C:\Windows\syswow64\LPK.dll
0x74fd0000 - 0x7506d000 	C:\Windows\syswow64\USP10.dll
0x74c50000 - 0x74cb0000 	C:\Windows\system32\IMM32.DLL
0x75840000 - 0x7590c000 	C:\Windows\syswow64\MSCTF.dll
0x71b00000 - 0x71b2b000 	C:\Windows\SysWOW64\nvinit.dll
0x724f0000 - 0x724f9000 	C:\Windows\system32\VERSION.dll
0x0f000000 - 0x0f006000 	C:\Program Files (x86)\NVIDIA Corporation\CoProcManager\detoured.dll
0x70d10000 - 0x70d3a000 	C:\Program Files (x86)\NVIDIA Corporation\CoProcManager\nvd3d9wrap.dll
0x759c0000 - 0x75b5d000 	C:\Windows\syswow64\SETUPAPI.dll
0x75800000 - 0x75827000 	C:\Windows\syswow64\CFGMGR32.dll
0x755d0000 - 0x75661000 	C:\Windows\syswow64\OLEAUT32.dll
0x74e10000 - 0x74f6c000 	C:\Windows\syswow64\ole32.dll
0x754b0000 - 0x754c2000 	C:\Windows\syswow64\DEVOBJ.dll
0x70620000 - 0x7063e000 	C:\Program Files (x86)\NVIDIA Corporation\CoProcManager\nvdxgiwrap.dll
0x6d640000 - 0x6d7dd000 	C:\Users\Administrator\MyEclipse 6.0\jre\bin\client\jvm.dll
0x72060000 - 0x72092000 	C:\Windows\system32\WINMM.dll
0x71ab0000 - 0x71afc000 	C:\Windows\system32\apphelp.dll
0x6d290000 - 0x6d298000 	C:\Users\Administrator\MyEclipse 6.0\jre\bin\hpi.dll
0x75070000 - 0x75075000 	C:\Windows\syswow64\PSAPI.DLL
0x6d390000 - 0x6d3c5000 	C:\Users\Administrator\MyEclipse 6.0\jre\bin\jdwp.dll
0x6d610000 - 0x6d61c000 	C:\Users\Administrator\MyEclipse 6.0\jre\bin\verify.dll
0x6d310000 - 0x6d32d000 	C:\Users\Administrator\MyEclipse 6.0\jre\bin\java.dll
0x6d630000 - 0x6d63f000 	C:\Users\Administrator\MyEclipse 6.0\jre\bin\zip.dll
0x6d220000 - 0x6d227000 	C:\Users\Administrator\MyEclipse 6.0\jre\bin\dt_socket.dll
0x74dd0000 - 0x74e05000 	C:\Windows\syswow64\WS2_32.dll
0x767b0000 - 0x767b6000 	C:\Windows\syswow64\NSI.dll
0x73970000 - 0x73980000 	C:\Windows\system32\NLAapi.dll
0x70170000 - 0x70180000 	C:\Windows\system32\napinsp.dll
0x6c640000 - 0x6c652000 	C:\Windows\system32\pnrpnsp.dll
0x70fd0000 - 0x7100c000 	C:\Windows\System32\mswsock.dll
0x70f20000 - 0x70f64000 	C:\Windows\system32\DNSAPI.dll
0x6def0000 - 0x6def8000 	C:\Windows\System32\winrnr.dll
0x722a0000 - 0x722bc000 	C:\Windows\system32\IPHLPAPI.DLL
0x72290000 - 0x72297000 	C:\Windows\system32\WINNSI.DLL
0x70ee0000 - 0x70f18000 	C:\Windows\System32\fwpuclnt.dll
0x70ed0000 - 0x70ed6000 	C:\Windows\system32\rasadhlp.dll
0x71100000 - 0x7124a000 	C:\Windows\system32\tgp_lsp.dll
0x70fc0000 - 0x70fc5000 	C:\Windows\System32\wshtcpip.dll
0x6d000000 - 0x6d16a000 	C:\Users\Administrator\MyEclipse 6.0\jre\bin\awt.dll
0x704c0000 - 0x70511000 	C:\Windows\system32\WINSPOOL.DRV
0x705a0000 - 0x70620000 	C:\Windows\system32\uxtheme.dll
0x6d240000 - 0x6d290000 	C:\Users\Administrator\MyEclipse 6.0\jre\bin\fontmanager.dll
0x6d4d0000 - 0x6d4e3000 	C:\Users\Administrator\MyEclipse 6.0\jre\bin\net.dll
0x70ec0000 - 0x70ec6000 	C:\Windows\System32\wship6.dll
0x6d4f0000 - 0x6d4f9000 	C:\Users\Administrator\MyEclipse 6.0\jre\bin\nio.dll
0x70580000 - 0x70593000 	C:\Windows\system32\dwmapi.dll
0x75b60000 - 0x767ab000 	C:\Windows\syswow64\shell32.dll
0x74bf0000 - 0x74c47000 	C:\Windows\syswow64\SHLWAPI.dll

VM Arguments:
jvm_args: -agentlib:jdwp=transport=dt_socket,suspend=y,address=localhost:52193
java_command: T10.Table
Launcher Type: SUN_STANDARD

Environment Variables:
CLASSPATH=.;C:\Program Files (x86)\Java\jdk1.6.0_43\lib\tools.jar;C:\Program Files (x86)\Java\jdk1.6.0_43\lib\dt.jar
PATH=C:\Users\Administrator\MyEclipse 6.0\jre\bin;C:\Program Files (x86)\Java\jdk1.6.0_43\bin;C:\Windows\system32;C:\Windows;C:\Windows\System32\Wbem;C:\Windows\System32\WindowsPowerShell\v1.0\;C:\Program Files (x86)\Microsoft SQL Server\80\Tools\Binn\;C:\Program Files\Microsoft SQL Server\90\DTS\Binn\;C:\Program Files\Microsoft SQL Server\90\Tools\binn\;C:\Program Files (x86)\Microsoft SQL Server\90\Tools\binn\;C:\Program Files (x86)\Microsoft SQL Server\90\DTS\Binn\;C:\Program Files (x86)\Microsoft SQL Server\90\Tools\Binn\VSShell\Common7\IDE\;C:\Program Files (x86)\Microsoft Visual Studio 8\Common7\IDE\PrivateAssemblies\
USERNAME=Administrator
OS=Windows_NT
PROCESSOR_IDENTIFIER=Intel64 Family 6 Model 69 Stepping 1, GenuineIntel



---------------  S Y S T E M  ---------------

OS: Windows NT 6.1 Build 7601 Service Pack 1

CPU:total 4 (cores per cpu 8, threads per core 2) family 6 model 5 stepping 1, cmov, cx8, fxsr, mmx, sse, sse2, ht

Memory: 4k page, physical 4097436k(2564860k free), swap 4194303k(4194303k free)

vm_info: Java HotSpot(TM) Client VM (1.5.0_11-b03) for windows-x86, built on Dec 15 2006 01:16:12 by "java_re" with MS VC++ 6.0

