#
# An unexpected error has been detected by HotSpot Virtual Machine:
#
#  EXCEPTION_ACCESS_VIOLATION (0xc0000005) at pc=0x6d7002ef, pid=6948, tid=6984
#
# Java VM: Java HotSpot(TM) Client VM (1.5.0_11-b03 mixed mode)
# Problematic frame:
# V  [jvm.dll+0xc02ef]
#

---------------  T H R E A D  ---------------

Current thread (0x024190d0):  VMThread [id=6984]

siginfo: ExceptionCode=0xc0000005, reading address 0x00000000

Registers:
EAX=0x00000000, EBX=0x00000000, ECX=0x024189a8, EDX=0x02419588
ESP=0x003efbd8, EBP=0x003efc34, ESI=0x0c95f8d8, EDI=0x024190d0
EIP=0x6d7002ef, EFLAGS=0x00010202

Top of Stack: (sp=0x003efbd8)
0x003efbd8:   00000000 0c95f8d8 024355a8 0243d590
0x003efbe8:   00000001 024190d0 024189a8 02419578
0x003efbf8:   02419584 0241996c 003efce0 02419180
0x003efc08:   02404fc0 02419178 02419180 0241956c
0x003efc18:   0243d5f0 024355a8 024355c0 003efc6c
0x003efc28:   08443eb8 08443798 00000000 003efc6c
0x003efc38:   6d7003e0 6d714235 6d70048e 0235de10
0x003efc48:   0c95f894 6d700419 0c95f8d8 6d76a230 

Instructions: (pc=0x6d7002ef)
0x6d7002df:   ff 85 c0 0f 84 d8 00 00 00 53 8b 40 04 89 45 fc
0x6d7002ef:   8b 18 4b 0f 88 b7 00 00 00 eb 03 8b 45 fc 8b 40 


Stack: [0x003b0000,0x003f0000),  sp=0x003efbd8,  free space=254k
Native frames: (J=compiled Java code, j=interpreted, Vv=VM code, C=native code)
V  [jvm.dll+0xc02ef]
V  [jvm.dll+0xc03e0]
V  [jvm.dll+0x129cfe]
V  [jvm.dll+0x129ea7]
V  [jvm.dll+0x129c0c]
C  [msvcrt.dll+0x11287]
C  [msvcrt.dll+0x11328]
C  [kernel32.dll+0x1336a]
C  [ntdll.dll+0x39902]
C  [ntdll.dll+0x398d5]

VM_Operation (0x0c95f894): change breakpoints, mode: safepoint, requested by thread 0x0242ff48


---------------  P R O C E S S  ---------------

Java Threads: ( => current thread )
  0x0243a918 JavaThread "Low Memory Detector" daemon [_thread_blocked, id=7052]
  0x02439748 JavaThread "CompilerThread0" daemon [_thread_blocked, id=7048]
  0x02438598 JavaThread "Signal Dispatcher" daemon [_thread_blocked, id=7044]
  0x024300e0 JavaThread "JDWP Command Reader" daemon [_thread_in_native, id=7024]
  0x024360a0 JavaThread "JDWP Event Helper Thread" daemon [_thread_blocked, id=7020]
  0x0242ff48 JavaThread "JDWP Transport Listener: dt_socket" daemon [_thread_blocked, id=7008]
  0x024209b8 JavaThread "Finalizer" daemon [_thread_blocked, id=6992]
  0x0241f030 JavaThread "Reference Handler" daemon [_thread_blocked, id=6988]
  0x0235e9a0 JavaThread "main" [_thread_blocked, id=6952]

Other Threads:
=>0x024190d0 VMThread [id=6984]
  0x023c5388 WatcherThread [id=7056]

VM state:at safepoint (normal execution)

VM Mutex/Monitor currently owned by a thread:  ([mutex/lock_event])
[0x0235dde0/0x00000140] Threads_lock - owner thread: 0x024190d0

Heap
 def new generation   total 576K, used 209K [0x04440000, 0x044e0000, 0x04920000)
  eden space 512K,  40% used [0x04440000, 0x04474480, 0x044c0000)
  from space 64K,   0% used [0x044c0000, 0x044c0000, 0x044d0000)
  to   space 64K,   0% used [0x044d0000, 0x044d0000, 0x044e0000)
 tenured generation   total 1408K, used 0K [0x04920000, 0x04a80000, 0x08440000)
   the space 1408K,   0% used [0x04920000, 0x04920000, 0x04920200, 0x04a80000)
 compacting perm gen  total 8192K, used 1711K [0x08440000, 0x08c40000, 0x0c440000)
   the space 8192K,  20% used [0x08440000, 0x085ebf60, 0x085ec000, 0x08c40000)
No shared spaces configured.

Dynamic libraries:
0x00400000 - 0x0040d000 	C:\Users\Administrator\MyEclipse 6.0\jre\bin\javaw.exe
0x778a0000 - 0x77a20000 	C:\Windows\SysWOW64\ntdll.dll
0x76560000 - 0x76670000 	C:\Windows\syswow64\kernel32.dll
0x76670000 - 0x766b7000 	C:\Windows\syswow64\KERNELBASE.dll
0x74fe0000 - 0x75081000 	C:\Windows\syswow64\ADVAPI32.dll
0x76b00000 - 0x76bac000 	C:\Windows\syswow64\msvcrt.dll
0x75df0000 - 0x75e09000 	C:\Windows\SysWOW64\sechost.dll
0x75fd0000 - 0x760c0000 	C:\Windows\syswow64\RPCRT4.dll
0x74f40000 - 0x74fa0000 	C:\Windows\syswow64\SspiCli.dll
0x74f30000 - 0x74f3c000 	C:\Windows\syswow64\CRYPTBASE.dll
0x76ec0000 - 0x76fc0000 	C:\Windows\syswow64\USER32.dll
0x75d60000 - 0x75df0000 	C:\Windows\syswow64\GDI32.dll
0x76880000 - 0x7688a000 	C:\Windows\syswow64\LPK.dll
0x762c0000 - 0x7635d000 	C:\Windows\syswow64\USP10.dll
0x760c0000 - 0x76120000 	C:\Windows\system32\IMM32.DLL
0x75f00000 - 0x75fcc000 	C:\Windows\syswow64\MSCTF.dll
0x71e70000 - 0x71e9b000 	C:\Windows\SysWOW64\nvinit.dll
0x74e50000 - 0x74e59000 	C:\Windows\system32\VERSION.dll
0x0f000000 - 0x0f006000 	C:\Program Files (x86)\NVIDIA Corporation\CoProcManager\detoured.dll
0x73f00000 - 0x73f2a000 	C:\Program Files (x86)\NVIDIA Corporation\CoProcManager\nvd3d9wrap.dll
0x76120000 - 0x762bd000 	C:\Windows\syswow64\SETUPAPI.dll
0x763a0000 - 0x763c7000 	C:\Windows\syswow64\CFGMGR32.dll
0x768f0000 - 0x76981000 	C:\Windows\syswow64\OLEAUT32.dll
0x763d0000 - 0x7652c000 	C:\Windows\syswow64\ole32.dll
0x76bb0000 - 0x76bc2000 	C:\Windows\syswow64\DEVOBJ.dll
0x73ee0000 - 0x73efe000 	C:\Program Files (x86)\NVIDIA Corporation\CoProcManager\nvdxgiwrap.dll
0x6d640000 - 0x6d7dd000 	C:\Users\Administrator\MyEclipse 6.0\jre\bin\client\jvm.dll
0x72b90000 - 0x72bc2000 	C:\Windows\system32\WINMM.dll
0x71900000 - 0x7194c000 	C:\Windows\system32\apphelp.dll
0x6d290000 - 0x6d298000 	C:\Users\Administrator\MyEclipse 6.0\jre\bin\hpi.dll
0x74fa0000 - 0x74fa5000 	C:\Windows\syswow64\PSAPI.DLL
0x6d390000 - 0x6d3c5000 	C:\Users\Administrator\MyEclipse 6.0\jre\bin\jdwp.dll
0x6d610000 - 0x6d61c000 	C:\Users\Administrator\MyEclipse 6.0\jre\bin\verify.dll
0x6d310000 - 0x6d32d000 	C:\Users\Administrator\MyEclipse 6.0\jre\bin\java.dll
0x6d630000 - 0x6d63f000 	C:\Users\Administrator\MyEclipse 6.0\jre\bin\zip.dll
0x6d220000 - 0x6d227000 	C:\Users\Administrator\MyEclipse 6.0\jre\bin\dt_socket.dll
0x76360000 - 0x76395000 	C:\Windows\syswow64\WS2_32.dll
0x76bd0000 - 0x76bd6000 	C:\Windows\syswow64\NSI.dll
0x70f40000 - 0x70f50000 	C:\Windows\system32\NLAapi.dll
0x6fac0000 - 0x6fad0000 	C:\Windows\system32\napinsp.dll
0x6f5e0000 - 0x6f5f2000 	C:\Windows\system32\pnrpnsp.dll
0x71ae0000 - 0x71b1c000 	C:\Windows\System32\mswsock.dll
0x71f10000 - 0x71f54000 	C:\Windows\system32\DNSAPI.dll
0x6fab0000 - 0x6fab8000 	C:\Windows\System32\winrnr.dll
0x74880000 - 0x7489c000 	C:\Windows\system32\IPHLPAPI.DLL
0x74870000 - 0x74877000 	C:\Windows\system32\WINNSI.DLL
0x71230000 - 0x71268000 	C:\Windows\System32\fwpuclnt.dll
0x71e30000 - 0x71e36000 	C:\Windows\system32\rasadhlp.dll
0x71e40000 - 0x71e45000 	C:\Windows\System32\wshtcpip.dll

VM Arguments:
jvm_args: -agentlib:jdwp=transport=dt_socket,suspend=y,address=localhost:49781
java_command: T4.AText
Launcher Type: SUN_STANDARD

Environment Variables:
CLASSPATH=.;C:\Program Files (x86)\Java\jdk1.6.0_43\lib\tools.jar;C:\Program Files (x86)\Java\jdk1.6.0_43\lib\dt.jar
PATH=C:\Users\Administrator\MyEclipse 6.0\jre\bin;C:\Program Files (x86)\Java\jdk1.6.0_43\bin;C:\Windows\system32;C:\Windows;C:\Windows\System32\Wbem;C:\Windows\System32\WindowsPowerShell\v1.0\;C:\Program Files (x86)\Microsoft SQL Server\80\Tools\Binn\;C:\Program Files\Microsoft SQL Server\90\DTS\Binn\;C:\Program Files\Microsoft SQL Server\90\Tools\binn\;C:\Program Files (x86)\Microsoft SQL Server\90\Tools\binn\;C:\Program Files (x86)\Microsoft SQL Server\90\DTS\Binn\;C:\Program Files (x86)\Microsoft SQL Server\90\Tools\Binn\VSShell\Common7\IDE\;C:\Program Files (x86)\Microsoft Visual Studio 8\Common7\IDE\PrivateAssemblies\
USERNAME=Administrator
OS=Windows_NT
PROCESSOR_IDENTIFIER=Intel64 Family 6 Model 69 Stepping 1, GenuineIntel



---------------  S Y S T E M  ---------------

OS: Windows NT 6.1 Build 7601 Service Pack 1

CPU:total 4 (cores per cpu 8, threads per core 2) family 6 model 5 stepping 1, cmov, cx8, fxsr, mmx, sse, sse2, ht

Memory: 4k page, physical 4097436k(2432712k free), swap 4194303k(4194303k free)

vm_info: Java HotSpot(TM) Client VM (1.5.0_11-b03) for windows-x86, built on Dec 15 2006 01:16:12 by "java_re" with MS VC++ 6.0

